<?xml version="1.0" encoding="UTF-8"?>
<!-- Generated by org.testng.reporters.JUnitReportReporter -->
<testsuite hostname="DESKTOP-7R3VO38" failures="0" tests="1" name="sampleTests.MavenDemoTest" time="0.012" errors="0" timestamp="2023-08-22T11:56:17 IST" skipped="0">
  <testcase classname="sampleTests.MavenDemoTest" name="demo" time="0.012"/>
  <system-out/>
</testsuite> <!-- sampleTests.MavenDemoTest -->
