<?xml version="1.0" encoding="UTF-8"?>
<!-- Generated by org.testng.reporters.JUnitReportReporter -->
<testsuite hostname="DESKTOP-7R3VO38" failures="0" tests="2" name="sampleTests.MavenDemoTest" time="0.009" errors="0" timestamp="2023-08-27T16:36:38 IST" skipped="0">
  <testcase classname="sampleTests.MavenDemoTest" name="demo2" time="0.001"/>
  <system-out/>
  <testcase classname="sampleTests.MavenDemoTest" name="demo" time="0.008"/>
  <system-out/>
</testsuite> <!-- sampleTests.MavenDemoTest -->
