<?xml version="1.0" encoding="UTF-8"?>
<!-- Generated by org.testng.reporters.JUnitReportReporter -->
<testsuite hostname="DESKTOP-7R3VO38" failures="0" tests="1" name="sampleTests.MavenDemo" time="0.011" errors="0" timestamp="2023-08-19T17:14:55 IST" skipped="0">
  <testcase classname="sampleTests.MavenDemo" name="demo" time="0.011"/>
  <system-out/>
</testsuite> <!-- sampleTests.MavenDemo -->
