<?xml version="1.0" encoding="UTF-8"?>
<!-- Generated by org.testng.reporters.JUnitReportReporter -->
<testsuite hostname="DESKTOP-7R3VO38" failures="0" tests="1" name="sampleTests.Demo" time="0.010" errors="0" timestamp="2023-08-19T17:14:13 IST" skipped="0">
  <testcase classname="sampleTests.Demo" name="demo1" time="0.010"/>
  <system-out/>
</testsuite> <!-- sampleTests.Demo -->
